// Spring Shell Unknown Version log opened at 2017-08-26 18:59:17
help
exit
// Spring Shell Unknown Version log closed at 2017-08-26 19:00:00
// Spring Shell Unknown Version log opened at 2017-08-26 21:17:01
help
system properties
exit
// Spring Shell Unknown Version log closed at 2017-08-26 21:19:00
// Spring Shell Unknown Version log opened at 2017-08-26 21:27:45
help
exit
// Spring Shell Unknown Version log closed at 2017-08-26 21:27:54
// Spring Shell Unknown Version log opened at 2017-08-26 21:35:10
help
quit
// Spring Shell Unknown Version log closed at 2017-08-26 21:35:18
// Spring Shell Unknown Version log opened at 2017-08-26 21:50:01
help
help
exit
// Spring Shell Unknown Version log closed at 2017-08-26 21:50:16
// Spring Shell Unknown Version log opened at 2017-08-26 22:12:22
help
// [failed] esri
// Spring Shell Unknown Version log opened at 2017-08-26 22:15:09
// [failed] help esri
exit
// Spring Shell Unknown Version log closed at 2017-08-26 22:15:56
// Spring Shell Unknown Version log opened at 2017-08-26 22:20:36
// [failed] esri
// [failed] help esri
exit
// Spring Shell Unknown Version log closed at 2017-08-26 22:21:45
// Spring Shell Unknown Version log opened at 2017-08-26 22:22:35
esri
exit
// Spring Shell Unknown Version log closed at 2017-08-26 22:36:21
// Spring Shell Unknown Version log opened at 2017-08-26 22:40:27
geolite2
